action: py27, msg: getenv
cwd: /home/naruto/project/appseclab2
cmd: /home/naruto/project/appseclab2/.tox/py27/bin/python -m pip install requests bs4
DEPRECATION: Python 2.7 will reach the end of its life on January 1st, 2020. Please upgrade your Python as Python 2.7 won't be maintained after that date. A future version of pip will drop support for Python 2.7. More details about Python 2 support in pip, can be found at https://pip.pypa.io/en/latest/development/release-process/#python-2-support
Collecting requests
  Using cached https://files.pythonhosted.org/packages/51/bd/23c926cd341ea6b7dd0b2a00aba99ae0f828be89d72b2190f27c11d4b7fb/requests-2.22.0-py2.py3-none-any.whl
Collecting bs4
  Using cached https://files.pythonhosted.org/packages/10/ed/7e8b97591f6f456174139ec089c769f89a94a1a4025fe967691de971f314/bs4-0.0.1.tar.gz
Collecting urllib3!=1.25.0,!=1.25.1,<1.26,>=1.21.1 (from requests)
  Using cached https://files.pythonhosted.org/packages/e0/da/55f51ea951e1b7c63a579c09dd7db825bb730ec1fe9c0180fc77bfb31448/urllib3-1.25.6-py2.py3-none-any.whl
Collecting idna<2.9,>=2.5 (from requests)
  Using cached https://files.pythonhosted.org/packages/14/2c/cd551d81dbe15200be1cf41cd03869a46fe7226e7450af7a6545bfc474c9/idna-2.8-py2.py3-none-any.whl
Collecting certifi>=2017.4.17 (from requests)
  Using cached https://files.pythonhosted.org/packages/18/b0/8146a4f8dd402f60744fa380bc73ca47303cccf8b9190fd16a827281eac2/certifi-2019.9.11-py2.py3-none-any.whl
Collecting chardet<3.1.0,>=3.0.2 (from requests)
  Using cached https://files.pythonhosted.org/packages/bc/a9/01ffebfb562e4274b6487b4bb1ddec7ca55ec7510b22e4c51f14098443b8/chardet-3.0.4-py2.py3-none-any.whl
Collecting beautifulsoup4 (from bs4)
  Downloading https://files.pythonhosted.org/packages/f9/d9/183705a87492249b212d88eef740995f55076195bcf45ed59306c146e42d/beautifulsoup4-4.8.1-py2-none-any.whl (102kB)
Collecting soupsieve>=1.2 (from beautifulsoup4->bs4)
  Using cached https://files.pythonhosted.org/packages/5d/42/d821581cf568e9b7dfc5b415aa61952b0f5e3dede4f3cbd650e3a1082992/soupsieve-1.9.4-py2.py3-none-any.whl
Collecting backports.functools-lru-cache; python_version < "3" (from soupsieve>=1.2->beautifulsoup4->bs4)
  Downloading https://files.pythonhosted.org/packages/03/8e/2424c0e65c4a066e28f539364deee49b6451f8fcd4f718fefa50cc3dcf48/backports.functools_lru_cache-1.5-py2.py3-none-any.whl
Building wheels for collected packages: bs4
  Building wheel for bs4 (setup.py): started
  Building wheel for bs4 (setup.py): finished with status 'done'
  Created wheel for bs4: filename=bs4-0.0.1-cp27-none-any.whl size=1273 sha256=85cc64d174596c42da9d1c4e6332cd4b0c6c608017745c3974afc035c67a6224
  Stored in directory: /home/naruto/.cache/pip/wheels/a0/b0/b2/4f80b9456b87abedbc0bf2d52235414c3467d8889be38dd472
Successfully built bs4
Installing collected packages: urllib3, idna, certifi, chardet, requests, backports.functools-lru-cache, soupsieve, beautifulsoup4, bs4
Successfully installed backports.functools-lru-cache-1.5 beautifulsoup4-4.8.1 bs4-0.0.1 certifi-2019.9.11 chardet-3.0.4 idna-2.8 requests-2.22.0 soupsieve-1.9.4 urllib3-1.25.6
WARNING: You are using pip version 19.2.3, however version 19.3.1 is available.
You should consider upgrading via the 'pip install --upgrade pip' command.
