action: py36, msg: getenv
cwd: /home/naruto/project/appseclab2
cmd: /home/naruto/project/appseclab2/.tox/py36/bin/python -m pip install requests bs4
Collecting requests
  Using cached https://files.pythonhosted.org/packages/51/bd/23c926cd341ea6b7dd0b2a00aba99ae0f828be89d72b2190f27c11d4b7fb/requests-2.22.0-py2.py3-none-any.whl
Collecting bs4
Collecting urllib3!=1.25.0,!=1.25.1,<1.26,>=1.21.1 (from requests)
  Using cached https://files.pythonhosted.org/packages/e0/da/55f51ea951e1b7c63a579c09dd7db825bb730ec1fe9c0180fc77bfb31448/urllib3-1.25.6-py2.py3-none-any.whl
Collecting certifi>=2017.4.17 (from requests)
  Using cached https://files.pythonhosted.org/packages/18/b0/8146a4f8dd402f60744fa380bc73ca47303cccf8b9190fd16a827281eac2/certifi-2019.9.11-py2.py3-none-any.whl
Collecting idna<2.9,>=2.5 (from requests)
  Using cached https://files.pythonhosted.org/packages/14/2c/cd551d81dbe15200be1cf41cd03869a46fe7226e7450af7a6545bfc474c9/idna-2.8-py2.py3-none-any.whl
Collecting chardet<3.1.0,>=3.0.2 (from requests)
  Using cached https://files.pythonhosted.org/packages/bc/a9/01ffebfb562e4274b6487b4bb1ddec7ca55ec7510b22e4c51f14098443b8/chardet-3.0.4-py2.py3-none-any.whl
Collecting beautifulsoup4 (from bs4)
  Using cached https://files.pythonhosted.org/packages/3b/c8/a55eb6ea11cd7e5ac4bacdf92bac4693b90d3ba79268be16527555e186f0/beautifulsoup4-4.8.1-py3-none-any.whl
Collecting soupsieve>=1.2 (from beautifulsoup4->bs4)
  Using cached https://files.pythonhosted.org/packages/5d/42/d821581cf568e9b7dfc5b415aa61952b0f5e3dede4f3cbd650e3a1082992/soupsieve-1.9.4-py2.py3-none-any.whl
Installing collected packages: urllib3, certifi, idna, chardet, requests, soupsieve, beautifulsoup4, bs4
Successfully installed beautifulsoup4-4.8.1 bs4-0.0.1 certifi-2019.9.11 chardet-3.0.4 idna-2.8 requests-2.22.0 soupsieve-1.9.4 urllib3-1.25.6
WARNING: You are using pip version 19.2.3, however version 19.3.1 is available.
You should consider upgrading via the 'pip install --upgrade pip' command.
